2015-10-24 19:09:05 [INFO] Starting minecraft server version 1.4.7
2015-10-24 19:09:11 [INFO] Loading properties
2015-10-24 19:09:11 [INFO] Default game type: SURVIVAL
2015-10-24 19:09:11 [INFO] Generating keypair
2015-10-24 19:09:11 [INFO] Starting Minecraft server on 192.168.1.100:25565
2015-10-24 19:09:11 [WARNING] **** FAILED TO BIND TO PORT!
2015-10-24 19:09:11 [WARNING] The exception was: java.net.BindException: Cannot assign requested address: JVM_Bind
2015-10-24 19:09:11 [WARNING] Perhaps a server is already running on that port?
2015-10-24 19:09:51 [INFO] Unknown command. Try /help for a list of commands.
2015-10-24 19:09:54 [INFO] An unknown error occurred while attempting to perform this command
2015-10-24 19:10:02 [INFO] Starting minecraft server version 1.4.7
2015-10-24 19:10:09 [INFO] Loading properties
2015-10-24 19:10:09 [INFO] Default game type: SURVIVAL
2015-10-24 19:10:09 [INFO] Generating keypair
2015-10-24 19:10:09 [INFO] Starting Minecraft server on 192.168.1.100:25565
2015-10-24 19:10:09 [WARNING] **** FAILED TO BIND TO PORT!
2015-10-24 19:10:09 [WARNING] The exception was: java.net.BindException: Cannot assign requested address: JVM_Bind
2015-10-24 19:10:09 [WARNING] Perhaps a server is already running on that port?
2015-10-24 19:10:36 [INFO] Starting minecraft server version 1.4.7
2015-10-24 19:10:43 [INFO] Loading properties
2015-10-24 19:10:43 [INFO] Default game type: SURVIVAL
2015-10-24 19:10:43 [INFO] Generating keypair
2015-10-24 19:10:44 [INFO] Starting Minecraft server on 192.168.1.1:25565
2015-10-24 19:10:44 [WARNING] **** FAILED TO BIND TO PORT!
2015-10-24 19:10:44 [WARNING] The exception was: java.net.BindException: Cannot assign requested address: JVM_Bind
2015-10-24 19:10:44 [WARNING] Perhaps a server is already running on that port?
2015-10-24 19:11:03 [INFO] Starting minecraft server version 1.4.7
2015-10-24 19:11:10 [INFO] Loading properties
2015-10-24 19:11:10 [INFO] Default game type: SURVIVAL
2015-10-24 19:11:10 [INFO] Generating keypair
2015-10-24 19:11:10 [INFO] Starting Minecraft server on 192.168.1.136:25565
2015-10-24 19:11:13 [WARNING] Failed to load operators list: java.io.FileNotFoundException: .\ops.txt (The system cannot find the file specified)
2015-10-24 19:11:13 [WARNING] Failed to load white-list: java.io.FileNotFoundException: .\white-list.txt (The system cannot find the file specified)
2015-10-24 19:11:13 [INFO] Preparing level "world"
2015-10-24 19:11:15 [INFO] Preparing start region for level 0
2015-10-24 19:11:16 [INFO] Preparing spawn area: 10%
2015-10-24 19:11:17 [INFO] Preparing spawn area: 17%
2015-10-24 19:11:18 [INFO] Preparing spawn area: 26%
2015-10-24 19:11:21 [INFO] Preparing spawn area: 32%
2015-10-24 19:11:22 [INFO] Preparing spawn area: 43%
2015-10-24 19:11:23 [INFO] Preparing spawn area: 51%
2015-10-24 19:11:24 [INFO] Preparing spawn area: 58%
2015-10-24 19:11:25 [INFO] Preparing spawn area: 65%
2015-10-24 19:11:27 [INFO] Preparing spawn area: 73%
2015-10-24 19:11:28 [INFO] Preparing spawn area: 81%
2015-10-24 19:11:29 [INFO] Preparing spawn area: 89%
2015-10-24 19:11:30 [INFO] Preparing spawn area: 96%
2015-10-24 19:11:30 [INFO] Done (16.645s)! For help, type "help" or "?"
2015-10-24 19:12:56 [INFO] Bukkit version format changed. Version not checked.
2015-10-24 19:12:56 [INFO] git-BukkitForge-1.4.5-R1.0-b3000 jnks (Really: BukkitForge for MC 1.4.7)
2015-10-24 19:12:56 [INFO] 1.4.5-R0.2
2015-10-24 19:12:56 [INFO] Creating config from template: C:\Users\seth\Desktop\test server\.\plugins\Essentials\config.yml
2015-10-24 19:12:57 [FINE] Aborting ItemSpawnBL read, itemDB not yet loaded.
2015-10-24 19:12:57 [INFO] Creating empty config: C:\Users\seth\Desktop\test server\.\plugins\Essentials\upgrades-done.yml
2015-10-24 19:12:57 [INFO] Creating config from template: C:\Users\seth\Desktop\test server\.\plugins\Essentials\worth.yml
2015-10-24 19:12:57 [INFO] Essentials: Using config file enhanced permissions.
2015-10-24 19:12:57 [INFO] Permissions listed in as player-commands will be given to all users.
2015-10-24 19:12:58 [WARNING] Can't keep up! Did the system time change, or is the server overloaded?
2015-10-24 19:14:33 [INFO] User Mr_Legacy005 connecting with mods [MFReloaded|CompatSufficientBiomes, OCS, factorization.misc, RedPowerWiring, BuildCraft|Transport, OmniTools, AdvancedPowerManagement, RedPowerCompat, WR-CBE|Core, MFReloaded|CompatIC2, RedPowerLogic, factorization.dimensionalSlice, ThermalExpansion|Energy, WR-CBE|RedPower, EnderStorage, AdvancedMachines, MFReloaded|CompatPams, mmmPowersuits, IronChest, MFReloaded|CompatRP2, BuildCraft|Energy, EE3, ImmibisCore, LogisticsPipes|Main, DimensionalDoors, ChickenChunks, factorization, RedPowerLighting, AppliedEnergistics, mod_bspkrsCore, RedPowerBase, MFReloaded|CompatExtraBiomes, MFReloaded, ThermalExpansion, NetherOres, weaponmod, APUnofficial, BuildCraft|Silicon, ThermalExpansion|Transport, IC2NuclearControl, BuildCraft|Core, ThermalExpansion|Factory, CompactSolars, MFReloaded|CompatForestry, DimensionalAnchors, IC2, StevesCarts, Mystcraft, WR-CBE|Addons, ComputerCraft, TreeCapitator, BuildCraft|Factory, RedPowerMachine, RedPowerCore, MFReloaded|CompatThaumcraft, CCTurtle, AdvancedRepulsionSystems, Tubestuff, RedPowerControl, MFReloaded|CompatTwilightForest, MFReloaded|CompatSoulShards, MFReloaded|CompatVanilla, BuildCraft|Builders, RedPowerWorld, MFReloaded|CompatXyCraft, PowerConverters]
2015-10-24 19:14:33 [INFO] Mr_Legacy005[/192.168.1.136:50221] logged in with entity id 5185 at (174.5, 65.62000000476837, 215.5)
2015-10-24 19:14:34 [INFO] Creating empty config: C:\Users\seth\Desktop\test server\.\plugins\Essentials\userdata\mr_legacy005.yml
2015-10-24 19:14:34 [WARNING] File motd.txt does not exist. Creating one for you.
2015-10-24 19:14:49 [INFO] §r<Mr_Legacy005§r> test
2015-10-24 19:15:02 [INFO] Stopping the server
2015-10-24 19:15:02 [INFO] Stopping server
2015-10-24 19:15:02 [INFO] Saving players
2015-10-24 19:15:02 [INFO] Saving worlds
2015-10-24 19:15:02 [INFO] Saving chunks for level 'world'/Overworld
2015-10-24 19:15:02 [INFO] Saving chunks for level 'world'/Nether
2015-10-24 19:15:18 [INFO] Starting minecraft server version 1.4.7
2015-10-24 19:15:25 [INFO] Loading properties
2015-10-24 19:15:25 [INFO] Default game type: SURVIVAL
2015-10-24 19:15:25 [INFO] Generating keypair
2015-10-24 19:15:26 [INFO] Starting Minecraft server on 192.168.1.136:25565
2015-10-24 19:15:29 [INFO] Preparing level "world"
2015-10-24 19:15:30 [INFO] Preparing start region for level 0
2015-10-24 19:15:30 [INFO] Done (0.971s)! For help, type "help" or "?"
2015-10-24 19:15:31 [INFO] /192.168.1.136:50247 lost connection
2015-10-24 19:15:31 [INFO] Bukkit version format changed. Version not checked.
2015-10-24 19:15:31 [INFO] git-BukkitForge-1.4.5-R1.0-b3000 jnks (Really: BukkitForge for MC 1.4.7)
2015-10-24 19:15:31 [INFO] 1.4.5-R0.2
2015-10-24 19:15:31 [FINE] Aborting ItemSpawnBL read, itemDB not yet loaded.
2015-10-24 19:15:32 [INFO] Essentials: Using config file enhanced permissions.
2015-10-24 19:15:32 [INFO] Permissions listed in as player-commands will be given to all users.
2015-10-24 19:15:35 [INFO] User Mr_Legacy005 connecting with mods [MFReloaded|CompatSufficientBiomes, OCS, factorization.misc, RedPowerWiring, OmniTools, BuildCraft|Transport, AdvancedPowerManagement, RedPowerCompat, WR-CBE|Core, MFReloaded|CompatIC2, RedPowerLogic, factorization.dimensionalSlice, ThermalExpansion|Energy, WR-CBE|RedPower, EnderStorage, AdvancedMachines, MFReloaded|CompatPams, mmmPowersuits, IronChest, MFReloaded|CompatRP2, BuildCraft|Energy, ImmibisCore, EE3, LogisticsPipes|Main, DimensionalDoors, ChickenChunks, factorization, RedPowerLighting, AppliedEnergistics, mod_bspkrsCore, RedPowerBase, MFReloaded|CompatExtraBiomes, MFReloaded, ThermalExpansion, NetherOres, APUnofficial, BuildCraft|Silicon, weaponmod, ThermalExpansion|Transport, IC2NuclearControl, BuildCraft|Core, ThermalExpansion|Factory, CompactSolars, MFReloaded|CompatForestry, DimensionalAnchors, IC2, StevesCarts, Mystcraft, WR-CBE|Addons, ComputerCraft, TreeCapitator, BuildCraft|Factory, RedPowerMachine, RedPowerCore, MFReloaded|CompatThaumcraft, CCTurtle, AdvancedRepulsionSystems, Tubestuff, RedPowerControl, MFReloaded|CompatTwilightForest, MFReloaded|CompatSoulShards, MFReloaded|CompatVanilla, BuildCraft|Builders, RedPowerWorld, MFReloaded|CompatXyCraft, PowerConverters]
2015-10-24 19:15:35 [INFO] Mr_Legacy005[/192.168.1.136:50257] logged in with entity id 456 at (174.5, 64.0, 215.5)
2015-10-24 19:15:44 [WARNING] §cMr_Legacy005 §4was denied access to command.
2015-10-24 19:15:57 [INFO] Unknown command. Try /help for a list of commands.
2015-10-24 19:16:05 [INFO] Unknown command. Try /help for a list of commands.
2015-10-24 19:16:11 [INFO] Opped Mr_legacy005
2015-10-24 19:16:27 [INFO] Mr_Legacy005 lost connection: disconnect.genericReason
